<?xml version="1.0" encoding="UTF-8"?>
<!-- Generated by org.testng.reporters.JUnitXMLReporter -->
<testsuite ignored="0" hostname="IBM-PF31AYPV" failures="2" tests="10" name="Test" time="59.176" errors="0" timestamp="2025-08-11T17:27:08 IST">
  <testcase classname="com.WebOrders.SmokeTest_Batch" name="smoke_test" time="0.009"/>
  <testcase classname="com.WebOrders.WebOrder_Login_Create_Unique_Order" name="login_to_app" time="1.951"/>
  <testcase classname="com.WebOrders.WebOrder_Login_Create_Unique_Order" name="create_Order" time="12.621"/>
  <testcase classname="com.WebOrders.WebOrder_Login_Create_UpdateOrder_VerifyOrder" name="login_to_app" time="1.808"/>
  <testcase classname="com.WebOrders.WebOrder_Login_Create_UpdateOrder_VerifyOrder" name="create_Order" time="7.065"/>
  <testcase classname="com.WebOrders.WebOrder_Login_Create_UpdateOrder_VerifyOrder" name="update_order" time="4.242"/>
  <testcase classname="com.WebOrders.WebOrder_DeleteOrder_VerifyOrder" name="login_to_app" time="1.753"/>
  <testcase classname="com.WebOrders.WebOrder_DeleteOrder_VerifyOrder" name="create_Order" time="7.23"/>
  <testcase classname="com.WebOrders.WebOrder_DeleteOrder_VerifyOrder" name="update_order" time="1.253">
    <failure type="org.openqa.selenium.NoSuchElementException" message="no such element: Unable to locate element: {&amp;quot;method&amp;quot;:&amp;quot;xpath&amp;quot;,&amp;quot;selector&amp;quot;:&amp;quot;//td[text()=&amp;apos;Dixit766&amp;apos;]//following-sibling::td[text()=&amp;apos;CA&amp;apos;]&amp;quot;}
  (Session info: chrome=138.0.7204.185)
For documentation on this error, please visit: https://www.selenium.dev/documentation/webdriver/troubleshooting/errors#no-such-element-exception
Build info: version: &amp;apos;4.34.0&amp;apos;, revision: &amp;apos;707dcb4246*&amp;apos;
System info: os.name: &amp;apos;Windows 11&amp;apos;, os.arch: &amp;apos;amd64&amp;apos;, os.version: &amp;apos;10.0&amp;apos;, java.version: &amp;apos;21.0.7&amp;apos;
Driver info: org.openqa.selenium.chrome.ChromeDriver
Command: [f4e16f3ac34c0515426177b888494040, findElement {value=//td[text()=&amp;apos;Dixit766&amp;apos;]//following-sibling::td[text()=&amp;apos;CA&amp;apos;], using=xpath}]
Capabilities {acceptInsecureCerts: false, browserName: chrome, browserVersion: 138.0.7204.185, chrome: {chromedriverVersion: 138.0.7204.183 (e90faf484dd..., userDataDir: C:\Users\000GCL~1\AppData\L...}, fedcm:accounts: true, goog:chromeOptions: {debuggerAddress: localhost:64079}, networkConnectionEnabled: false, pageLoadStrategy: normal, platformName: windows, proxy: Proxy(), se:cdp: ws://localhost:64079/devtoo..., se:cdpVersion: 138.0.7204.185, setWindowRect: true, strictFileInteractability: false, timeouts: {implicit: 0, pageLoad: 300000, script: 30000}, unhandledPromptBehavior: dismiss and notify, webauthn:extension:credBlob: true, webauthn:extension:largeBlob: true, webauthn:extension:minPinLength: true, webauthn:extension:prf: true, webauthn:virtualAuthenticators: true}
Session ID: f4e16f3ac34c0515426177b888494040">
      <![CDATA[org.openqa.selenium.NoSuchElementException: no such element: Unable to locate element: {"method":"xpath","selector":"//td[text()='Dixit766']//following-sibling::td[text()='CA']"}
  (Session info: chrome=138.0.7204.185)
For documentation on this error, please visit: https://www.selenium.dev/documentation/webdriver/troubleshooting/errors#no-such-element-exception
Build info: version: '4.34.0', revision: '707dcb4246*'
System info: os.name: 'Windows 11', os.arch: 'amd64', os.version: '10.0', java.version: '21.0.7'
Driver info: org.openqa.selenium.chrome.ChromeDriver
Command: [f4e16f3ac34c0515426177b888494040, findElement {value=//td[text()='Dixit766']//following-sibling::td[text()='CA'], using=xpath}]
Capabilities {acceptInsecureCerts: false, browserName: chrome, browserVersion: 138.0.7204.185, chrome: {chromedriverVersion: 138.0.7204.183 (e90faf484dd..., userDataDir: C:\Users\000GCL~1\AppData\L...}, fedcm:accounts: true, goog:chromeOptions: {debuggerAddress: localhost:64079}, networkConnectionEnabled: false, pageLoadStrategy: normal, platformName: windows, proxy: Proxy(), se:cdp: ws://localhost:64079/devtoo..., se:cdpVersion: 138.0.7204.185, setWindowRect: true, strictFileInteractability: false, timeouts: {implicit: 0, pageLoad: 300000, script: 30000}, unhandledPromptBehavior: dismiss and notify, webauthn:extension:credBlob: true, webauthn:extension:largeBlob: true, webauthn:extension:minPinLength: true, webauthn:extension:prf: true, webauthn:virtualAuthenticators: true}
Session ID: f4e16f3ac34c0515426177b888494040
at org.openqa.selenium.remote.ErrorCodec.decode(ErrorCodec.java:167)
at org.openqa.selenium.remote.codec.w3c.W3CHttpResponseCodec.decode(W3CHttpResponseCodec.java:138)
at org.openqa.selenium.remote.codec.w3c.W3CHttpResponseCodec.decode(W3CHttpResponseCodec.java:50)
at org.openqa.selenium.remote.HttpCommandExecutor.execute(HttpCommandExecutor.java:215)
at org.openqa.selenium.remote.service.DriverCommandExecutor.invokeExecute(DriverCommandExecutor.java:216)
at org.openqa.selenium.remote.service.DriverCommandExecutor.execute(DriverCommandExecutor.java:174)
at org.openqa.selenium.remote.RemoteWebDriver.execute(RemoteWebDriver.java:544)
at org.openqa.selenium.remote.ElementLocation$ElementFinder$2.findElement(ElementLocation.java:165)
at org.openqa.selenium.remote.ElementLocation.findElement(ElementLocation.java:59)
at org.openqa.selenium.remote.RemoteWebDriver.findElement(RemoteWebDriver.java:367)
at org.openqa.selenium.remote.RemoteWebDriver.findElement(RemoteWebDriver.java:361)
at com.WebOrders.WebOrder_DeleteOrder_VerifyOrder.update_order(WebOrder_DeleteOrder_VerifyOrder.java:80)
at java.base/java.util.ArrayList.forEach(ArrayList.java:1596)
... Removed 28 stack frames]]>
    </failure>
  </testcase> <!-- update_order -->
  <testcase classname="com.WebOrders.WebOrder_DeleteOrder_VerifyOrder" name="delete_order" time="1.237">
    <failure type="java.lang.AssertionError" message="expected [false] but found [true]">
      <![CDATA[java.lang.AssertionError: expected [false] but found [true]
at com.WebOrders.WebOrder_DeleteOrder_VerifyOrder.delete_order(WebOrder_DeleteOrder_VerifyOrder.java:92)
at java.base/java.util.ArrayList.forEach(ArrayList.java:1596)
... Removed 29 stack frames]]>
    </failure>
  </testcase> <!-- delete_order -->
</testsuite> <!-- Test -->
